\BOOKMARK [1][-]{section.1}{\376\377\000I\000n\000t\000r\000o\000d\000u\000c\000t\000i\000o\000n}{}% 1
\BOOKMARK [2][-]{subsection.1.1}{\376\377\000K\000e\000y\000\040\000P\000h\000y\000s\000i\000c\000a\000l\000\040\000I\000n\000s\000i\000g\000h\000t}{section.1}% 2
\BOOKMARK [1][-]{section.2}{\376\377\000T\000h\000e\000\040\000-\000S\000c\000h\000r\000\366\000d\000i\000n\000g\000e\000r\000\040\000E\000q\000u\000a\000t\000i\000o\000n}{}% 3
\BOOKMARK [2][-]{subsection.2.1}{\376\377\000D\000e\000r\000i\000v\000a\000t\000i\000o\000n\000\040\000f\000r\000o\000m\000\040\000T\000i\000m\000e\000\040\000R\000e\000p\000a\000r\000a\000m\000e\000t\000e\000r\000i\000z\000a\000t\000i\000o\000n}{section.2}% 4
\BOOKMARK [2][-]{subsection.2.2}{\376\377\000P\000h\000y\000s\000i\000c\000a\000l\000\040\000I\000n\000t\000e\000r\000p\000r\000e\000t\000a\000t\000i\000o\000n}{section.2}% 5
\BOOKMARK [1][-]{section.3}{\376\377\000U\000n\000i\000t\000a\000r\000y\000\040\000E\000q\000u\000i\000v\000a\000l\000e\000n\000c\000e}{}% 6
\BOOKMARK [2][-]{subsection.3.1}{\376\377\000T\000i\000m\000e\000\040\000E\000v\000o\000l\000u\000t\000i\000o\000n\000\040\000O\000p\000e\000r\000a\000t\000o\000r\000s}{section.3}% 7
\BOOKMARK [2][-]{subsection.3.2}{\376\377\000N\000o\000n\000-\000C\000o\000m\000m\000u\000t\000i\000n\000g\000\040\000H\000a\000m\000i\000l\000t\000o\000n\000i\000a\000n\000s}{section.3}% 8
\BOOKMARK [1][-]{section.4}{\376\377\000C\000o\000m\000p\000u\000t\000a\000t\000i\000o\000n\000a\000l\000\040\000I\000m\000p\000l\000e\000m\000e\000n\000t\000a\000t\000i\000o\000n}{}% 9
\BOOKMARK [2][-]{subsection.4.1}{\376\377\000Q\000u\000a\000n\000t\000u\000m\000\040\000E\000v\000o\000l\000u\000t\000i\000o\000n\000\040\000C\000l\000a\000s\000s}{section.4}% 10
\BOOKMARK [2][-]{subsection.4.2}{\376\377\000V\000a\000l\000i\000d\000a\000t\000i\000o\000n\000\040\000a\000n\000d\000\040\000T\000e\000s\000t\000i\000n\000g}{section.4}% 11
\BOOKMARK [1][-]{section.5}{\376\377\000P\000h\000y\000s\000i\000c\000a\000l\000\040\000A\000p\000p\000l\000i\000c\000a\000t\000i\000o\000n\000s}{}% 12
\BOOKMARK [2][-]{subsection.5.1}{\376\377\000H\000a\000r\000m\000o\000n\000i\000c\000\040\000O\000s\000c\000i\000l\000l\000a\000t\000o\000r\000\040\000i\000n\000\040\000L\000o\000g\000-\000T\000i\000m\000e}{section.5}% 13
\BOOKMARK [2][-]{subsection.5.2}{\376\377\000T\000w\000o\000-\000L\000e\000v\000e\000l\000\040\000S\000y\000s\000t\000e\000m}{section.5}% 14
\BOOKMARK [2][-]{subsection.5.3}{\376\377\000Q\000u\000a\000n\000t\000u\000m\000\040\000F\000i\000e\000l\000d\000\040\000P\000r\000e\000p\000a\000r\000a\000t\000i\000o\000n}{section.5}% 15
\BOOKMARK [1][-]{section.6}{\376\377\000A\000d\000v\000a\000n\000c\000e\000d\000\040\000T\000o\000p\000i\000c\000s}{}% 16
\BOOKMARK [2][-]{subsection.6.1}{\376\377\000H\000e\000i\000s\000e\000n\000b\000e\000r\000g\000\040\000P\000i\000c\000t\000u\000r\000e}{section.6}% 17
\BOOKMARK [2][-]{subsection.6.2}{\376\377\000C\000o\000h\000e\000r\000e\000n\000t\000\040\000S\000t\000a\000t\000e\000s}{section.6}% 18
\BOOKMARK [2][-]{subsection.6.3}{\376\377\000Q\000u\000a\000n\000t\000u\000m\000\040\000M\000e\000a\000s\000u\000r\000e\000m\000e\000n\000t}{section.6}% 19
\BOOKMARK [1][-]{section.7}{\376\377\000A\000s\000y\000m\000p\000t\000o\000t\000i\000c\000\040\000B\000e\000h\000a\000v\000i\000o\000r\000\040\000a\000n\000d\000\040\000R\000e\000g\000u\000l\000a\000r\000i\000z\000a\000t\000i\000o\000n}{}% 20
\BOOKMARK [2][-]{subsection.7.1}{\376\377\000E\000a\000r\000l\000y\000\040\000U\000n\000i\000v\000e\000r\000s\000e\000\040\000L\000i\000m\000i\000t}{section.7}% 21
\BOOKMARK [2][-]{subsection.7.2}{\376\377\000P\000h\000a\000s\000e\000\040\000A\000c\000c\000u\000m\000u\000l\000a\000t\000i\000o\000n}{section.7}% 22
\BOOKMARK [1][-]{section.8}{\376\377\000N\000u\000m\000e\000r\000i\000c\000a\000l\000\040\000R\000e\000s\000u\000l\000t\000s\000\040\000a\000n\000d\000\040\000V\000a\000l\000i\000d\000a\000t\000i\000o\000n}{}% 23
\BOOKMARK [2][-]{subsection.8.1}{\376\377\000C\000o\000n\000v\000e\000r\000g\000e\000n\000c\000e\000\040\000A\000n\000a\000l\000y\000s\000i\000s}{section.8}% 24
\BOOKMARK [2][-]{subsection.8.2}{\376\377\000B\000e\000n\000c\000h\000m\000a\000r\000k\000\040\000T\000e\000s\000t\000s}{section.8}% 25
\BOOKMARK [1][-]{section.9}{\376\377\000C\000o\000n\000n\000e\000c\000t\000i\000o\000n\000\040\000t\000o\000\040\000O\000t\000h\000e\000r\000\040\000L\000T\000Q\000G\000\040\000C\000o\000m\000p\000o\000n\000e\000n\000t\000s}{}% 26
\BOOKMARK [2][-]{subsection.9.1}{\376\377\000L\000i\000n\000k\000\040\000t\000o\000\040\000C\000o\000s\000m\000o\000l\000o\000g\000y}{section.9}% 27
\BOOKMARK [2][-]{subsection.9.2}{\376\377\000I\000n\000t\000e\000r\000f\000a\000c\000e\000\040\000w\000i\000t\000h\000\040\000Q\000F\000T}{section.9}% 28
\BOOKMARK [2][-]{subsection.9.3}{\376\377\000G\000e\000o\000m\000e\000t\000r\000i\000c\000\040\000I\000n\000t\000e\000r\000p\000r\000e\000t\000a\000t\000i\000o\000n}{section.9}% 29
\BOOKMARK [1][-]{section.10}{\376\377\000E\000x\000p\000e\000r\000i\000m\000e\000n\000t\000a\000l\000\040\000I\000m\000p\000l\000i\000c\000a\000t\000i\000o\000n\000s}{}% 30
\BOOKMARK [2][-]{subsection.10.1}{\376\377\000P\000r\000e\000c\000i\000s\000i\000o\000n\000\040\000T\000e\000s\000t\000s}{section.10}% 31
\BOOKMARK [2][-]{subsection.10.2}{\376\377\000L\000a\000b\000o\000r\000a\000t\000o\000r\000y\000\040\000A\000n\000a\000l\000o\000g\000u\000e\000s}{section.10}% 32
\BOOKMARK [1][-]{section.11}{\376\377\000F\000u\000t\000u\000r\000e\000\040\000D\000e\000v\000e\000l\000o\000p\000m\000e\000n\000t\000s}{}% 33
\BOOKMARK [2][-]{subsection.11.1}{\376\377\000M\000a\000n\000y\000-\000B\000o\000d\000y\000\040\000S\000y\000s\000t\000e\000m\000s}{section.11}% 34
\BOOKMARK [2][-]{subsection.11.2}{\376\377\000O\000p\000e\000n\000\040\000Q\000u\000a\000n\000t\000u\000m\000\040\000S\000y\000s\000t\000e\000m\000s}{section.11}% 35
\BOOKMARK [2][-]{subsection.11.3}{\376\377\000Q\000u\000a\000n\000t\000u\000m\000\040\000I\000n\000f\000o\000r\000m\000a\000t\000i\000o\000n}{section.11}% 36
\BOOKMARK [1][-]{section.12}{\376\377\000C\000o\000n\000c\000l\000u\000s\000i\000o\000n}{}% 37
