\BOOKMARK [1][-]{section.1}{\376\377\000I\000n\000t\000r\000o\000d\000u\000c\000t\000i\000o\000n}{}% 1
\BOOKMARK [2][-]{subsection.1.1}{\376\377\000T\000h\000e\000\040\000M\000u\000l\000t\000i\000p\000l\000i\000c\000a\000t\000i\000v\000e\000-\000A\000d\000d\000i\000t\000i\000v\000e\000\040\000T\000e\000m\000p\000o\000r\000a\000l\000\040\000C\000l\000a\000s\000h}{section.1}% 2
\BOOKMARK [2][-]{subsection.1.2}{\376\377\000T\000h\000e\000\040\000L\000o\000g\000a\000r\000i\000t\000h\000m\000i\000c\000\040\000R\000e\000s\000o\000l\000u\000t\000i\000o\000n}{section.1}% 3
\BOOKMARK [2][-]{subsection.1.3}{\376\377\000M\000a\000t\000h\000e\000m\000a\000t\000i\000c\000a\000l\000\040\000F\000r\000a\000m\000e\000w\000o\000r\000k\000\040\000O\000v\000e\000r\000v\000i\000e\000w}{section.1}% 4
\BOOKMARK [2][-]{subsection.1.4}{\376\377\000C\000o\000m\000p\000u\000t\000a\000t\000i\000o\000n\000a\000l\000\040\000V\000a\000l\000i\000d\000a\000t\000i\000o\000n}{section.1}% 5
\BOOKMARK [2][-]{subsection.1.5}{\376\377\000S\000c\000o\000p\000e\000\040\000a\000n\000d\000\040\000L\000i\000m\000i\000t\000a\000t\000i\000o\000n\000s}{section.1}% 6
\BOOKMARK [2][-]{subsection.1.6}{\376\377\000O\000r\000g\000a\000n\000i\000z\000a\000t\000i\000o\000n\000\040\000o\000f\000\040\000T\000h\000i\000s\000\040\000W\000o\000r\000k}{section.1}% 7
\BOOKMARK [1][-]{section.2}{\376\377\000M\000a\000t\000h\000e\000m\000a\000t\000i\000c\000a\000l\000\040\000F\000r\000a\000m\000e\000w\000o\000r\000k}{}% 8
\BOOKMARK [2][-]{subsection.2.1}{\376\377\000T\000h\000e\000\040\000L\000o\000g\000-\000T\000i\000m\000e\000\040\000C\000o\000o\000r\000d\000i\000n\000a\000t\000e\000\040\000T\000r\000a\000n\000s\000f\000o\000r\000m\000a\000t\000i\000o\000n}{section.2}% 9
\BOOKMARK [2][-]{subsection.2.2}{\376\377\000D\000i\000f\000f\000e\000r\000e\000n\000t\000i\000a\000l\000\040\000C\000a\000l\000c\000u\000l\000u\000s\000\040\000i\000n\000\040\000L\000o\000g\000-\000T\000i\000m\000e\000\040\000C\000o\000o\000r\000d\000i\000n\000a\000t\000e\000s}{section.2}% 10
\BOOKMARK [2][-]{subsection.2.3}{\376\377\000M\000u\000l\000t\000i\000p\000l\000i\000c\000a\000t\000i\000v\000e\000-\000t\000o\000-\000A\000d\000d\000i\000t\000i\000v\000e\000\040\000C\000o\000n\000v\000e\000r\000s\000i\000o\000n}{section.2}% 11
\BOOKMARK [2][-]{subsection.2.4}{\376\377\000A\000s\000y\000m\000p\000t\000o\000t\000i\000c\000\040\000P\000r\000o\000p\000e\000r\000t\000i\000e\000s}{section.2}% 12
\BOOKMARK [2][-]{subsection.2.5}{\376\377\000F\000u\000n\000c\000t\000i\000o\000n\000a\000l\000\040\000A\000n\000a\000l\000y\000s\000i\000s\000\040\000P\000r\000o\000p\000e\000r\000t\000i\000e\000s}{section.2}% 13
\BOOKMARK [2][-]{subsection.2.6}{\376\377\000R\000e\000g\000u\000l\000a\000r\000i\000t\000y\000\040\000a\000n\000d\000\040\000S\000m\000o\000o\000t\000h\000n\000e\000s\000s}{section.2}% 14
\BOOKMARK [2][-]{subsection.2.7}{\376\377\000C\000o\000m\000p\000u\000t\000a\000t\000i\000o\000n\000a\000l\000\040\000I\000m\000p\000l\000e\000m\000e\000n\000t\000a\000t\000i\000o\000n\000\040\000a\000n\000d\000\040\000V\000e\000r\000i\000f\000i\000c\000a\000t\000i\000o\000n}{section.2}% 15
\BOOKMARK [2][-]{subsection.2.8}{\376\377\000M\000a\000t\000h\000e\000m\000a\000t\000i\000c\000a\000l\000\040\000F\000o\000u\000n\000d\000a\000t\000i\000o\000n\000\040\000S\000u\000m\000m\000a\000r\000y}{section.2}% 16
\BOOKMARK [1][-]{section.3}{\376\377\000Q\000u\000a\000n\000t\000u\000m\000\040\000M\000e\000c\000h\000a\000n\000i\000c\000s\000\040\000i\000n\000\040\000L\000o\000g\000-\000T\000i\000m\000e\000\040\000C\000o\000o\000r\000d\000i\000n\000a\000t\000e\000s}{}% 17
\BOOKMARK [2][-]{subsection.3.1}{\376\377\000T\000h\000e\000\040\000L\000o\000g\000-\000T\000i\000m\000e\000\040\000S\000c\000h\000r\000\366\000d\000i\000n\000g\000e\000r\000\040\000E\000q\000u\000a\000t\000i\000o\000n}{section.3}% 18
\BOOKMARK [2][-]{subsection.3.2}{\376\377\000U\000n\000i\000t\000a\000r\000y\000\040\000E\000q\000u\000i\000v\000a\000l\000e\000n\000c\000e\000\040\000o\000f\000\040\000E\000v\000o\000l\000u\000t\000i\000o\000n\000\040\000O\000p\000e\000r\000a\000t\000o\000r\000s}{section.3}% 19
\BOOKMARK [2][-]{subsection.3.3}{\376\377\000A\000s\000y\000m\000p\000t\000o\000t\000i\000c\000\040\000S\000i\000l\000e\000n\000c\000e}{section.3}% 20
\BOOKMARK [2][-]{subsection.3.4}{\376\377\000O\000b\000s\000e\000r\000v\000a\000b\000l\000e\000\040\000E\000q\000u\000i\000v\000a\000l\000e\000n\000c\000e}{section.3}% 21
\BOOKMARK [2][-]{subsection.3.5}{\376\377\000D\000e\000n\000s\000i\000t\000y\000\040\000M\000a\000t\000r\000i\000x\000\040\000E\000v\000o\000l\000u\000t\000i\000o\000n}{section.3}% 22
\BOOKMARK [2][-]{subsection.3.6}{\376\377\000N\000o\000n\000-\000C\000o\000m\000m\000u\000t\000i\000n\000g\000\040\000H\000a\000m\000i\000l\000t\000o\000n\000i\000a\000n\000s}{section.3}% 23
\BOOKMARK [2][-]{subsection.3.7}{\376\377\000C\000o\000m\000p\000u\000t\000a\000t\000i\000o\000n\000a\000l\000\040\000V\000a\000l\000i\000d\000a\000t\000i\000o\000n\000\040\000o\000f\000\040\000Q\000u\000a\000n\000t\000u\000m\000\040\000E\000v\000o\000l\000u\000t\000i\000o\000n}{section.3}% 24
\BOOKMARK [2][-]{subsection.3.8}{\376\377\000P\000h\000y\000s\000i\000c\000a\000l\000\040\000I\000n\000t\000e\000r\000p\000r\000e\000t\000a\000t\000i\000o\000n\000\040\000a\000n\000d\000\040\000I\000m\000p\000l\000i\000c\000a\000t\000i\000o\000n\000s}{section.3}% 25
\BOOKMARK [2][-]{subsection.3.9}{\376\377\000T\000h\000e\000\040\000P\000r\000o\000b\000l\000e\000m\000\040\000o\000f\000\040\000T\000i\000m\000e\000\040\000i\000n\000\040\000D\000e\000p\000a\000r\000a\000m\000e\000t\000e\000r\000i\000z\000a\000t\000i\000o\000n}{section.3}% 26
\BOOKMARK [1][-]{section.4}{\376\377\000C\000o\000s\000m\000o\000l\000o\000g\000i\000c\000a\000l\000\040\000A\000p\000p\000l\000i\000c\000a\000t\000i\000o\000n\000s\000\040\000a\000n\000d\000\040\000C\000u\000r\000v\000a\000t\000u\000r\000e\000\040\000R\000e\000g\000u\000l\000a\000r\000i\000z\000a\000t\000i\000o\000n}{}% 27
\BOOKMARK [2][-]{subsection.4.1}{\376\377\000F\000L\000R\000W\000\040\000S\000p\000a\000c\000e\000t\000i\000m\000e\000s\000\040\000a\000n\000d\000\040\000t\000h\000e\000\040\000B\000i\000g\000\040\000B\000a\000n\000g\000\040\000S\000i\000n\000g\000u\000l\000a\000r\000i\000t\000y}{section.4}% 28
\BOOKMARK [2][-]{subsection.4.2}{\376\377\000C\000o\000n\000f\000o\000r\000m\000a\000l\000\040\000W\000e\000y\000l\000\040\000T\000r\000a\000n\000s\000f\000o\000r\000m\000a\000t\000i\000o\000n\000s}{section.4}% 29
\BOOKMARK [2][-]{subsection.4.3}{\376\377\000G\000e\000o\000d\000e\000s\000i\000c\000\040\000C\000o\000m\000p\000l\000e\000t\000e\000n\000e\000s\000s\000\040\000A\000n\000a\000l\000y\000s\000i\000s}{section.4}% 30
\BOOKMARK [2][-]{subsection.4.4}{\376\377\000P\000h\000y\000s\000i\000c\000a\000l\000\040\000I\000n\000t\000e\000r\000p\000r\000e\000t\000a\000t\000i\000o\000n\000\040\000o\000f\000\040\000C\000u\000r\000v\000a\000t\000u\000r\000e\000\040\000R\000e\000g\000u\000l\000a\000r\000i\000z\000a\000t\000i\000o\000n}{section.4}% 31
\BOOKMARK [2][-]{subsection.4.5}{\376\377\000F\000r\000a\000m\000e\000\040\000D\000e\000p\000e\000n\000d\000e\000n\000c\000e\000\040\000a\000n\000d\000\040\000M\000a\000t\000t\000e\000r\000\040\000C\000o\000u\000p\000l\000i\000n\000g\000\040\000P\000r\000e\000s\000c\000r\000i\000p\000t\000i\000o\000n\000s}{section.4}% 32
\BOOKMARK [2][-]{subsection.4.6}{\376\377\000E\000q\000u\000a\000t\000i\000o\000n\000\040\000o\000f\000\040\000S\000t\000a\000t\000e\000\040\000C\000o\000r\000r\000e\000c\000t\000i\000o\000n\000s}{section.4}% 33
\BOOKMARK [2][-]{subsection.4.7}{\376\377\000M\000i\000n\000i\000s\000u\000p\000e\000r\000s\000p\000a\000c\000e\000\040\000F\000o\000r\000m\000u\000l\000a\000t\000i\000o\000n}{section.4}% 34
\BOOKMARK [2][-]{subsection.4.8}{\376\377\000H\000o\000r\000i\000z\000o\000n\000\040\000a\000n\000d\000\040\000C\000a\000u\000s\000a\000l\000i\000t\000y\000\040\000P\000r\000o\000p\000e\000r\000t\000i\000e\000s}{section.4}% 35
\BOOKMARK [2][-]{subsection.4.9}{\376\377\000N\000u\000m\000e\000r\000i\000c\000a\000l\000\040\000V\000a\000l\000i\000d\000a\000t\000i\000o\000n\000\040\000o\000f\000\040\000C\000o\000s\000m\000o\000l\000o\000g\000i\000c\000a\000l\000\040\000R\000e\000s\000u\000l\000t\000s}{section.4}% 36
\BOOKMARK [2][-]{subsection.4.10}{\376\377\000C\000o\000s\000m\000o\000l\000o\000g\000i\000c\000a\000l\000\040\000P\000a\000r\000a\000m\000e\000t\000e\000r\000\040\000I\000n\000f\000e\000r\000e\000n\000c\000e}{section.4}% 37
\BOOKMARK [2][-]{subsection.4.11}{\376\377\000C\000o\000m\000p\000a\000r\000i\000s\000o\000n\000\040\000w\000i\000t\000h\000\040\000A\000l\000t\000e\000r\000n\000a\000t\000i\000v\000e\000\040\000A\000p\000p\000r\000o\000a\000c\000h\000e\000s}{section.4}% 38
\BOOKMARK [2][-]{subsection.4.12}{\376\377\000O\000b\000s\000e\000r\000v\000a\000t\000i\000o\000n\000a\000l\000\040\000S\000i\000g\000n\000a\000t\000u\000r\000e\000s}{section.4}% 39
\BOOKMARK [2][-]{subsection.4.13}{\376\377\000C\000o\000s\000m\000o\000l\000o\000g\000i\000c\000a\000l\000\040\000I\000m\000p\000l\000i\000c\000a\000t\000i\000o\000n\000s\000\040\000S\000u\000m\000m\000a\000r\000y}{section.4}% 40
\BOOKMARK [1][-]{section.5}{\376\377\000Q\000u\000a\000n\000t\000u\000m\000\040\000F\000i\000e\000l\000d\000\040\000T\000h\000e\000o\000r\000y\000\040\000o\000n\000\040\000C\000u\000r\000v\000e\000d\000\040\000S\000p\000a\000c\000e\000t\000i\000m\000e}{}% 41
\BOOKMARK [2][-]{subsection.5.1}{\376\377\000S\000c\000a\000l\000a\000r\000\040\000F\000i\000e\000l\000d\000\040\000E\000q\000u\000a\000t\000i\000o\000n\000\040\000i\000n\000\040\000F\000L\000R\000W\000\040\000B\000a\000c\000k\000g\000r\000o\000u\000n\000d}{section.5}% 42
\BOOKMARK [2][-]{subsection.5.2}{\376\377\000C\000a\000n\000o\000n\000i\000c\000a\000l\000\040\000V\000a\000r\000i\000a\000b\000l\000e\000s\000\040\000a\000n\000d\000\040\000Q\000u\000a\000n\000t\000i\000z\000a\000t\000i\000o\000n}{section.5}% 43
\BOOKMARK [2][-]{subsection.5.3}{\376\377\000L\000o\000g\000-\000T\000i\000m\000e\000\040\000T\000r\000a\000n\000s\000f\000o\000r\000m\000a\000t\000i\000o\000n\000\040\000o\000f\000\040\000M\000o\000d\000e\000\040\000E\000v\000o\000l\000u\000t\000i\000o\000n}{section.5}% 44
\BOOKMARK [2][-]{subsection.5.4}{\376\377\000A\000u\000x\000i\000l\000i\000a\000r\000y\000\040\000V\000a\000r\000i\000a\000b\000l\000e\000\040\000F\000o\000r\000m\000u\000l\000a\000t\000i\000o\000n}{section.5}% 45
\BOOKMARK [2][-]{subsection.5.5}{\376\377\000W\000r\000o\000n\000s\000k\000i\000a\000n\000\040\000C\000o\000n\000s\000e\000r\000v\000a\000t\000i\000o\000n}{section.5}% 46
\BOOKMARK [2][-]{subsection.5.6}{\376\377\000B\000o\000g\000o\000l\000i\000u\000b\000o\000v\000\040\000T\000r\000a\000n\000s\000f\000o\000r\000m\000a\000t\000i\000o\000n\000s}{section.5}% 47
\BOOKMARK [2][-]{subsection.5.7}{\376\377\000P\000a\000r\000t\000i\000c\000l\000e\000\040\000C\000r\000e\000a\000t\000i\000o\000n\000\040\000a\000n\000d\000\040\000N\000u\000m\000b\000e\000r\000\040\000D\000e\000n\000s\000i\000t\000y}{section.5}% 48
\BOOKMARK [2][-]{subsection.5.8}{\376\377\000E\000q\000u\000i\000v\000a\000l\000e\000n\000c\000e\000\040\000B\000e\000t\000w\000e\000e\000n\000\040\000t\000a\000u\000\040\000a\000n\000d\000\040\000s\000i\000g\000m\000a\000\040\000E\000v\000o\000l\000u\000t\000i\000o\000n}{section.5}% 49
\BOOKMARK [2][-]{subsection.5.9}{\376\377\000A\000d\000i\000a\000b\000a\000t\000i\000c\000\040\000A\000p\000p\000r\000o\000x\000i\000m\000a\000t\000i\000o\000n\000\040\000i\000n\000\040\000L\000o\000g\000-\000T\000i\000m\000e}{section.5}% 50
\BOOKMARK [2][-]{subsection.5.10}{\376\377\000C\000o\000m\000p\000u\000t\000a\000t\000i\000o\000n\000a\000l\000\040\000V\000a\000l\000i\000d\000a\000t\000i\000o\000n\000\040\000o\000f\000\040\000Q\000F\000T\000\040\000R\000e\000s\000u\000l\000t\000s}{section.5}% 51
\BOOKMARK [2][-]{subsection.5.11}{\376\377\000R\000e\000n\000o\000r\000m\000a\000l\000i\000z\000a\000t\000i\000o\000n\000\040\000C\000o\000n\000s\000i\000d\000e\000r\000a\000t\000i\000o\000n\000s}{section.5}% 52
\BOOKMARK [2][-]{subsection.5.12}{\376\377\000S\000t\000r\000e\000s\000s\000-\000E\000n\000e\000r\000g\000y\000\040\000T\000e\000n\000s\000o\000r\000\040\000a\000n\000d\000\040\000B\000a\000c\000k\000r\000e\000a\000c\000t\000i\000o\000n}{section.5}% 53
\BOOKMARK [2][-]{subsection.5.13}{\376\377\000I\000n\000t\000e\000r\000a\000c\000t\000i\000n\000g\000\040\000F\000i\000e\000l\000d\000\040\000T\000h\000e\000o\000r\000i\000e\000s}{section.5}% 54
\BOOKMARK [2][-]{subsection.5.14}{\376\377\000C\000o\000m\000p\000a\000r\000i\000s\000o\000n\000\040\000w\000i\000t\000h\000\040\000A\000l\000t\000e\000r\000n\000a\000t\000i\000v\000e\000\040\000A\000p\000p\000r\000o\000a\000c\000h\000e\000s}{section.5}% 55
\BOOKMARK [2][-]{subsection.5.15}{\376\377\000O\000b\000s\000e\000r\000v\000a\000t\000i\000o\000n\000a\000l\000\040\000C\000o\000n\000s\000e\000q\000u\000e\000n\000c\000e\000s}{section.5}% 56
\BOOKMARK [2][-]{subsection.5.16}{\376\377\000Q\000F\000T\000\040\000A\000p\000p\000l\000i\000c\000a\000t\000i\000o\000n\000s\000\040\000S\000u\000m\000m\000a\000r\000y}{section.5}% 57
\BOOKMARK [1][-]{section.6}{\376\377\000C\000o\000m\000p\000r\000e\000h\000e\000n\000s\000i\000v\000e\000\040\000C\000o\000m\000p\000u\000t\000a\000t\000i\000o\000n\000a\000l\000\040\000V\000a\000l\000i\000d\000a\000t\000i\000o\000n}{}% 58
\BOOKMARK [2][-]{subsection.6.1}{\376\377\000V\000a\000l\000i\000d\000a\000t\000i\000o\000n\000\040\000A\000r\000c\000h\000i\000t\000e\000c\000t\000u\000r\000e\000\040\000a\000n\000d\000\040\000M\000e\000t\000h\000o\000d\000o\000l\000o\000g\000y}{section.6}% 59
\BOOKMARK [2][-]{subsection.6.2}{\376\377\000C\000o\000r\000e\000\040\000M\000a\000t\000h\000e\000m\000a\000t\000i\000c\000a\000l\000\040\000V\000a\000l\000i\000d\000a\000t\000i\000o\000n}{section.6}% 60
\BOOKMARK [2][-]{subsection.6.3}{\376\377\000A\000s\000y\000m\000p\000t\000o\000t\000i\000c\000\040\000B\000e\000h\000a\000v\000i\000o\000r\000\040\000V\000a\000l\000i\000d\000a\000t\000i\000o\000n}{section.6}% 61
\BOOKMARK [2][-]{subsection.6.4}{\376\377\000Q\000u\000a\000n\000t\000u\000m\000\040\000E\000v\000o\000l\000u\000t\000i\000o\000n\000\040\000V\000a\000l\000i\000d\000a\000t\000i\000o\000n}{section.6}% 62
\BOOKMARK [2][-]{subsection.6.5}{\376\377\000C\000o\000s\000m\000o\000l\000o\000g\000i\000c\000a\000l\000\040\000V\000a\000l\000i\000d\000a\000t\000i\000o\000n}{section.6}% 63
\BOOKMARK [2][-]{subsection.6.6}{\376\377\000Q\000u\000a\000n\000t\000u\000m\000\040\000F\000i\000e\000l\000d\000\040\000T\000h\000e\000o\000r\000y\000\040\000V\000a\000l\000i\000d\000a\000t\000i\000o\000n}{section.6}% 64
\BOOKMARK [2][-]{subsection.6.7}{\376\377\000N\000u\000m\000e\000r\000i\000c\000a\000l\000\040\000I\000n\000t\000e\000g\000r\000a\000t\000i\000o\000n\000\040\000M\000e\000t\000h\000o\000d\000o\000l\000o\000g\000y}{section.6}% 65
\BOOKMARK [2][-]{subsection.6.8}{\376\377\000V\000a\000l\000i\000d\000a\000t\000i\000o\000n\000\040\000R\000e\000s\000u\000l\000t\000s\000\040\000S\000u\000m\000m\000a\000r\000y}{section.6}% 66
\BOOKMARK [2][-]{subsection.6.9}{\376\377\000R\000e\000p\000r\000o\000d\000u\000c\000i\000b\000i\000l\000i\000t\000y\000\040\000a\000n\000d\000\040\000D\000e\000t\000e\000r\000m\000i\000n\000i\000s\000t\000i\000c\000\040\000T\000e\000s\000t\000i\000n\000g}{section.6}% 67
\BOOKMARK [2][-]{subsection.6.10}{\376\377\000P\000e\000r\000f\000o\000r\000m\000a\000n\000c\000e\000\040\000O\000p\000t\000i\000m\000i\000z\000a\000t\000i\000o\000n\000\040\000a\000n\000d\000\040\000S\000c\000a\000l\000i\000n\000g}{section.6}% 68
\BOOKMARK [2][-]{subsection.6.11}{\376\377\000E\000r\000r\000o\000r\000\040\000H\000a\000n\000d\000l\000i\000n\000g\000\040\000a\000n\000d\000\040\000R\000o\000b\000u\000s\000t\000n\000e\000s\000s}{section.6}% 69
\BOOKMARK [2][-]{subsection.6.12}{\376\377\000V\000a\000l\000i\000d\000a\000t\000i\000o\000n\000\040\000F\000r\000a\000m\000e\000w\000o\000r\000k\000\040\000E\000x\000t\000e\000n\000s\000i\000o\000n}{section.6}% 70
\BOOKMARK [2][-]{subsection.6.13}{\376\377\000C\000o\000m\000p\000a\000r\000i\000s\000o\000n\000\040\000w\000i\000t\000h\000\040\000A\000l\000t\000e\000r\000n\000a\000t\000i\000v\000e\000\040\000V\000a\000l\000i\000d\000a\000t\000i\000o\000n\000\040\000A\000p\000p\000r\000o\000a\000c\000h\000e\000s}{section.6}% 71
\BOOKMARK [2][-]{subsection.6.14}{\376\377\000C\000o\000m\000p\000r\000e\000h\000e\000n\000s\000i\000v\000e\000\040\000V\000a\000l\000i\000d\000a\000t\000i\000o\000n\000\040\000R\000e\000s\000u\000l\000t\000s\000\040\000S\000u\000m\000m\000a\000r\000y}{section.6}% 72
\BOOKMARK [2][-]{subsection.6.15}{\376\377\000D\000o\000c\000u\000m\000e\000n\000t\000a\000t\000i\000o\000n\000\040\000a\000n\000d\000\040\000U\000s\000e\000r\000\040\000A\000c\000c\000e\000s\000s\000i\000b\000i\000l\000i\000t\000y}{section.6}% 73
\BOOKMARK [2][-]{subsection.6.16}{\376\377\000C\000o\000m\000p\000u\000t\000a\000t\000i\000o\000n\000a\000l\000\040\000V\000a\000l\000i\000d\000a\000t\000i\000o\000n\000\040\000C\000o\000n\000c\000l\000u\000s\000i\000o\000n\000s}{section.6}% 74
\BOOKMARK [1][-]{section.7}{\376\377\000R\000e\000s\000u\000l\000t\000s\000\040\000a\000n\000d\000\040\000D\000i\000s\000c\000u\000s\000s\000i\000o\000n}{}% 75
\BOOKMARK [2][-]{subsection.7.1}{\376\377\000S\000u\000m\000m\000a\000r\000y\000\040\000o\000f\000\040\000P\000r\000i\000n\000c\000i\000p\000a\000l\000\040\000R\000e\000s\000u\000l\000t\000s}{section.7}% 76
\BOOKMARK [3][-]{subsubsection.7.1.1}{\376\377\000M\000a\000t\000h\000e\000m\000a\000t\000i\000c\000a\000l\000\040\000F\000o\000u\000n\000d\000a\000t\000i\000o\000n\000\040\000R\000e\000s\000u\000l\000t\000s}{subsection.7.1}% 77
\BOOKMARK [3][-]{subsubsection.7.1.2}{\376\377\000Q\000u\000a\000n\000t\000u\000m\000\040\000M\000e\000c\000h\000a\000n\000i\000c\000a\000l\000\040\000R\000e\000s\000u\000l\000t\000s}{subsection.7.1}% 78
\BOOKMARK [3][-]{subsubsection.7.1.3}{\376\377\000C\000o\000s\000m\000o\000l\000o\000g\000i\000c\000a\000l\000\040\000R\000e\000s\000u\000l\000t\000s}{subsection.7.1}% 79
\BOOKMARK [3][-]{subsubsection.7.1.4}{\376\377\000Q\000u\000a\000n\000t\000u\000m\000\040\000F\000i\000e\000l\000d\000\040\000T\000h\000e\000o\000r\000y\000\040\000R\000e\000s\000u\000l\000t\000s}{subsection.7.1}% 80
\BOOKMARK [2][-]{subsection.7.2}{\376\377\000T\000h\000e\000o\000r\000e\000t\000i\000c\000a\000l\000\040\000I\000m\000p\000l\000i\000c\000a\000t\000i\000o\000n\000s}{section.7}% 81
\BOOKMARK [3][-]{subsubsection.7.2.1}{\376\377\000Q\000u\000a\000n\000t\000u\000m\000\040\000G\000r\000a\000v\000i\000t\000y\000\040\000U\000n\000i\000f\000i\000c\000a\000t\000i\000o\000n}{subsection.7.2}% 82
\BOOKMARK [3][-]{subsubsection.7.2.2}{\376\377\000E\000a\000r\000l\000y\000\040\000U\000n\000i\000v\000e\000r\000s\000e\000\040\000C\000o\000s\000m\000o\000l\000o\000g\000y}{subsection.7.2}% 83
\BOOKMARK [3][-]{subsubsection.7.2.3}{\376\377\000Q\000u\000a\000n\000t\000u\000m\000\040\000F\000i\000e\000l\000d\000\040\000T\000h\000e\000o\000r\000y\000\040\000E\000x\000t\000e\000n\000s\000i\000o\000n\000s}{subsection.7.2}% 84
\BOOKMARK [2][-]{subsection.7.3}{\376\377\000N\000u\000m\000e\000r\000i\000c\000a\000l\000\040\000R\000e\000s\000u\000l\000t\000s\000\040\000a\000n\000d\000\040\000Q\000u\000a\000n\000t\000i\000t\000a\000t\000i\000v\000e\000\040\000A\000n\000a\000l\000y\000s\000i\000s}{section.7}% 85
\BOOKMARK [3][-]{subsubsection.7.3.1}{\376\377\000C\000u\000r\000v\000a\000t\000u\000r\000e\000\040\000R\000e\000g\000u\000l\000a\000r\000i\000z\000a\000t\000i\000o\000n\000\040\000M\000e\000t\000r\000i\000c\000s}{subsection.7.3}% 86
\BOOKMARK [3][-]{subsubsection.7.3.2}{\376\377\000Q\000u\000a\000n\000t\000u\000m\000\040\000F\000r\000a\000m\000e\000w\000o\000r\000k\000\040\000V\000a\000l\000i\000d\000a\000t\000i\000o\000n}{subsection.7.3}% 87
\BOOKMARK [3][-]{subsubsection.7.3.3}{\376\377\000C\000o\000s\000m\000o\000l\000o\000g\000i\000c\000a\000l\000\040\000M\000o\000d\000e\000l\000\040\000P\000e\000r\000f\000o\000r\000m\000a\000n\000c\000e}{subsection.7.3}% 88
\BOOKMARK [3][-]{subsubsection.7.3.4}{\376\377\000P\000e\000r\000f\000o\000r\000m\000a\000n\000c\000e\000\040\000S\000u\000m\000m\000a\000r\000y}{subsection.7.3}% 89
\BOOKMARK [2][-]{subsection.7.4}{\376\377\000C\000o\000m\000p\000u\000t\000a\000t\000i\000o\000n\000a\000l\000\040\000A\000p\000p\000l\000i\000c\000a\000t\000i\000o\000n\000s\000\040\000a\000n\000d\000\040\000A\000d\000v\000a\000n\000t\000a\000g\000e\000s}{section.7}% 90
\BOOKMARK [3][-]{subsubsection.7.4.1}{\376\377\000N\000u\000m\000e\000r\000i\000c\000a\000l\000\040\000S\000t\000a\000b\000i\000l\000i\000t\000y}{subsection.7.4}% 91
\BOOKMARK [3][-]{subsubsection.7.4.2}{\376\377\000A\000l\000g\000o\000r\000i\000t\000h\000m\000\040\000D\000e\000v\000e\000l\000o\000p\000m\000e\000n\000t}{subsection.7.4}% 92
\BOOKMARK [2][-]{subsection.7.5}{\376\377\000E\000x\000p\000e\000r\000i\000m\000e\000n\000t\000a\000l\000\040\000a\000n\000d\000\040\000O\000b\000s\000e\000r\000v\000a\000t\000i\000o\000n\000a\000l\000\040\000P\000r\000o\000s\000p\000e\000c\000t\000s}{section.7}% 93
\BOOKMARK [3][-]{subsubsection.7.5.1}{\376\377\000M\000e\000a\000s\000u\000r\000e\000m\000e\000n\000t\000\040\000P\000r\000o\000t\000o\000c\000o\000l\000\040\000D\000i\000s\000t\000i\000n\000c\000t\000i\000o\000n\000s}{subsection.7.5}% 94
\BOOKMARK [3][-]{subsubsection.7.5.2}{\376\377\000C\000o\000s\000m\000o\000l\000o\000g\000i\000c\000a\000l\000\040\000O\000b\000s\000e\000r\000v\000a\000t\000i\000o\000n\000s}{subsection.7.5}% 95
\BOOKMARK [2][-]{subsection.7.6}{\376\377\000L\000i\000m\000i\000t\000a\000t\000i\000o\000n\000s\000\040\000a\000n\000d\000\040\000O\000u\000t\000s\000t\000a\000n\000d\000i\000n\000g\000\040\000Q\000u\000e\000s\000t\000i\000o\000n\000s}{section.7}% 96
\BOOKMARK [3][-]{subsubsection.7.6.1}{\376\377\000F\000u\000n\000d\000a\000m\000e\000n\000t\000a\000l\000\040\000C\000o\000n\000c\000e\000p\000t\000u\000a\000l\000\040\000L\000i\000m\000i\000t\000a\000t\000i\000o\000n\000s}{subsection.7.6}% 97
\BOOKMARK [3][-]{subsubsection.7.6.2}{\376\377\000A\000d\000d\000i\000t\000i\000o\000n\000a\000l\000\040\000T\000h\000e\000o\000r\000e\000t\000i\000c\000a\000l\000\040\000L\000i\000m\000i\000t\000a\000t\000i\000o\000n\000s}{subsection.7.6}% 98
\BOOKMARK [3][-]{subsubsection.7.6.3}{\376\377\000F\000r\000a\000m\000e\000w\000o\000r\000k\000\040\000C\000l\000a\000s\000s\000i\000f\000i\000c\000a\000t\000i\000o\000n}{subsection.7.6}% 99
\BOOKMARK [2][-]{subsection.7.7}{\376\377\000C\000o\000m\000p\000a\000r\000i\000s\000o\000n\000\040\000w\000i\000t\000h\000\040\000A\000l\000t\000e\000r\000n\000a\000t\000i\000v\000e\000\040\000A\000p\000p\000r\000o\000a\000c\000h\000e\000s}{section.7}% 100
\BOOKMARK [2][-]{subsection.7.8}{\376\377\000F\000u\000t\000u\000r\000e\000\040\000R\000e\000s\000e\000a\000r\000c\000h\000\040\000D\000i\000r\000e\000c\000t\000i\000o\000n\000s}{section.7}% 101
\BOOKMARK [3][-]{subsubsection.7.8.1}{\376\377\000I\000m\000m\000e\000d\000i\000a\000t\000e\000\040\000E\000x\000t\000e\000n\000s\000i\000o\000n\000s}{subsection.7.8}% 102
\BOOKMARK [3][-]{subsubsection.7.8.2}{\376\377\000L\000o\000n\000g\000-\000T\000e\000r\000m\000\040\000I\000n\000v\000e\000s\000t\000i\000g\000a\000t\000i\000o\000n\000s}{subsection.7.8}% 103
\BOOKMARK [2][-]{subsection.7.9}{\376\377\000B\000r\000o\000a\000d\000e\000r\000\040\000I\000m\000p\000a\000c\000t\000\040\000a\000n\000d\000\040\000S\000i\000g\000n\000i\000f\000i\000c\000a\000n\000c\000e}{section.7}% 104
\BOOKMARK [3][-]{subsubsection.7.9.1}{\376\377\000C\000o\000n\000c\000e\000p\000t\000u\000a\000l\000\040\000C\000o\000n\000t\000r\000i\000b\000u\000t\000i\000o\000n\000s}{subsection.7.9}% 105
\BOOKMARK [3][-]{subsubsection.7.9.2}{\376\377\000M\000e\000t\000h\000o\000d\000o\000l\000o\000g\000i\000c\000a\000l\000\040\000I\000n\000n\000o\000v\000a\000t\000i\000o\000n\000s}{subsection.7.9}% 106
\BOOKMARK [2][-]{subsection.7.10}{\376\377\000C\000o\000n\000c\000l\000u\000s\000i\000o\000n\000\040\000o\000f\000\040\000R\000e\000s\000u\000l\000t\000s\000\040\000a\000n\000d\000\040\000D\000i\000s\000c\000u\000s\000s\000i\000o\000n}{section.7}% 107
\BOOKMARK [1][-]{section.8}{\376\377\000C\000o\000d\000e\000\040\000R\000e\000p\000o\000s\000i\000t\000o\000r\000y\000\040\000a\000n\000d\000\040\000R\000e\000p\000r\000o\000d\000u\000c\000i\000b\000l\000e\000\040\000R\000e\000s\000e\000a\000r\000c\000h}{}% 108
\BOOKMARK [2][-]{subsection.8.1}{\376\377\000O\000p\000e\000n\000\040\000S\000o\000u\000r\000c\000e\000\040\000I\000m\000p\000l\000e\000m\000e\000n\000t\000a\000t\000i\000o\000n}{section.8}% 109
\BOOKMARK [2][-]{subsection.8.2}{\376\377\000R\000e\000p\000o\000s\000i\000t\000o\000r\000y\000\040\000S\000t\000r\000u\000c\000t\000u\000r\000e}{section.8}% 110
\BOOKMARK [3][-]{subsubsection.8.2.1}{\376\377\000C\000o\000r\000e\000\040\000I\000m\000p\000l\000e\000m\000e\000n\000t\000a\000t\000i\000o\000n\000\040\000\050\000l\000t\000q\000g\000/\000\051}{subsection.8.2}% 111
\BOOKMARK [3][-]{subsubsection.8.2.2}{\376\377\000D\000o\000c\000u\000m\000e\000n\000t\000a\000t\000i\000o\000n\000\040\000a\000n\000d\000\040\000E\000x\000a\000m\000p\000l\000e\000s}{subsection.8.2}% 112
\BOOKMARK [3][-]{subsubsection.8.2.3}{\376\377\000F\000o\000r\000m\000a\000l\000\040\000D\000o\000c\000u\000m\000e\000n\000t\000a\000t\000i\000o\000n\000\040\000\050\000f\000o\000r\000m\000a\000l\000\137\000p\000a\000p\000e\000r\000/\000\051}{subsection.8.2}% 113
\BOOKMARK [3][-]{subsubsection.8.2.4}{\376\377\000T\000e\000s\000t\000i\000n\000g\000\040\000a\000n\000d\000\040\000V\000a\000l\000i\000d\000a\000t\000i\000o\000n\000\040\000\050\000t\000e\000s\000t\000s\000/\000\051}{subsection.8.2}% 114
\BOOKMARK [2][-]{subsection.8.3}{\376\377\000R\000e\000p\000r\000o\000d\000u\000c\000i\000b\000i\000l\000i\000t\000y\000\040\000S\000t\000a\000n\000d\000a\000r\000d\000s}{section.8}% 115
\BOOKMARK [3][-]{subsubsection.8.3.1}{\376\377\000V\000e\000r\000s\000i\000o\000n\000\040\000C\000o\000n\000t\000r\000o\000l\000\040\000a\000n\000d\000\040\000D\000o\000c\000u\000m\000e\000n\000t\000a\000t\000i\000o\000n}{subsection.8.3}% 116
\BOOKMARK [3][-]{subsubsection.8.3.2}{\376\377\000C\000o\000m\000p\000u\000t\000a\000t\000i\000o\000n\000a\000l\000\040\000E\000n\000v\000i\000r\000o\000n\000m\000e\000n\000t}{subsection.8.3}% 117
\BOOKMARK [3][-]{subsubsection.8.3.3}{\376\377\000V\000a\000l\000i\000d\000a\000t\000i\000o\000n\000\040\000a\000n\000d\000\040\000T\000e\000s\000t\000i\000n\000g}{subsection.8.3}% 118
\BOOKMARK [2][-]{subsection.8.4}{\376\377\000E\000d\000u\000c\000a\000t\000i\000o\000n\000a\000l\000\040\000R\000e\000s\000o\000u\000r\000c\000e\000s}{section.8}% 119
\BOOKMARK [3][-]{subsubsection.8.4.1}{\376\377\000I\000n\000t\000e\000r\000a\000c\000t\000i\000v\000e\000\040\000N\000o\000t\000e\000b\000o\000o\000k\000s}{subsection.8.4}% 120
\BOOKMARK [3][-]{subsubsection.8.4.2}{\376\377\000M\000a\000t\000h\000e\000m\000a\000t\000i\000c\000a\000l\000\040\000D\000o\000c\000u\000m\000e\000n\000t\000a\000t\000i\000o\000n}{subsection.8.4}% 121
\BOOKMARK [3][-]{subsubsection.8.4.3}{\376\377\000U\000s\000a\000g\000e\000\040\000E\000x\000a\000m\000p\000l\000e\000s}{subsection.8.4}% 122
\BOOKMARK [2][-]{subsection.8.5}{\376\377\000R\000e\000s\000e\000a\000r\000c\000h\000\040\000A\000p\000p\000l\000i\000c\000a\000t\000i\000o\000n\000s}{section.8}% 123
\BOOKMARK [3][-]{subsubsection.8.5.1}{\376\377\000C\000o\000m\000p\000u\000t\000a\000t\000i\000o\000n\000a\000l\000\040\000C\000o\000s\000m\000o\000l\000o\000g\000y}{subsection.8.5}% 124
\BOOKMARK [3][-]{subsubsection.8.5.2}{\376\377\000Q\000u\000a\000n\000t\000u\000m\000\040\000F\000i\000e\000l\000d\000\040\000T\000h\000e\000o\000r\000y\000\040\000C\000a\000l\000c\000u\000l\000a\000t\000i\000o\000n\000s}{subsection.8.5}% 125
\BOOKMARK [3][-]{subsubsection.8.5.3}{\376\377\000N\000u\000m\000e\000r\000i\000c\000a\000l\000\040\000R\000e\000l\000a\000t\000i\000v\000i\000t\000y}{subsection.8.5}% 126
\BOOKMARK [2][-]{subsection.8.6}{\376\377\000C\000o\000m\000m\000u\000n\000i\000t\000y\000\040\000C\000o\000n\000t\000r\000i\000b\000u\000t\000i\000o\000n\000s}{section.8}% 127
\BOOKMARK [3][-]{subsubsection.8.6.1}{\376\377\000D\000e\000v\000e\000l\000o\000p\000m\000e\000n\000t\000\040\000G\000u\000i\000d\000e\000l\000i\000n\000e\000s}{subsection.8.6}% 128
\BOOKMARK [3][-]{subsubsection.8.6.2}{\376\377\000E\000x\000t\000e\000n\000s\000i\000o\000n\000\040\000F\000r\000a\000m\000e\000w\000o\000r\000k}{subsection.8.6}% 129
\BOOKMARK [3][-]{subsubsection.8.6.3}{\376\377\000C\000o\000l\000l\000a\000b\000o\000r\000a\000t\000i\000v\000e\000\040\000R\000e\000s\000e\000a\000r\000c\000h}{subsection.8.6}% 130
\BOOKMARK [2][-]{subsection.8.7}{\376\377\000F\000u\000t\000u\000r\000e\000\040\000D\000e\000v\000e\000l\000o\000p\000m\000e\000n\000t\000\040\000R\000o\000a\000d\000m\000a\000p}{section.8}% 131
\BOOKMARK [3][-]{subsubsection.8.7.1}{\376\377\000S\000h\000o\000r\000t\000-\000t\000e\000r\000m\000\040\000G\000o\000a\000l\000s\000\040\000\050\0006\000-\0001\0002\000\040\000m\000o\000n\000t\000h\000s\000\051}{subsection.8.7}% 132
\BOOKMARK [3][-]{subsubsection.8.7.2}{\376\377\000M\000e\000d\000i\000u\000m\000-\000t\000e\000r\000m\000\040\000G\000o\000a\000l\000s\000\040\000\050\0001\000-\0002\000\040\000y\000e\000a\000r\000s\000\051}{subsection.8.7}% 133
\BOOKMARK [3][-]{subsubsection.8.7.3}{\376\377\000L\000o\000n\000g\000-\000t\000e\000r\000m\000\040\000V\000i\000s\000i\000o\000n\000\040\000\050\0002\000+\000\040\000y\000e\000a\000r\000s\000\051}{subsection.8.7}% 134
\BOOKMARK [2][-]{subsection.8.8}{\376\377\000T\000e\000c\000h\000n\000i\000c\000a\000l\000\040\000S\000p\000e\000c\000i\000f\000i\000c\000a\000t\000i\000o\000n\000s}{section.8}% 135
\BOOKMARK [3][-]{subsubsection.8.8.1}{\376\377\000S\000y\000s\000t\000e\000m\000\040\000R\000e\000q\000u\000i\000r\000e\000m\000e\000n\000t\000s}{subsection.8.8}% 136
\BOOKMARK [3][-]{subsubsection.8.8.2}{\376\377\000P\000e\000r\000f\000o\000r\000m\000a\000n\000c\000e\000\040\000C\000h\000a\000r\000a\000c\000t\000e\000r\000i\000s\000t\000i\000c\000s}{subsection.8.8}% 137
\BOOKMARK [3][-]{subsubsection.8.8.3}{\376\377\000Q\000u\000a\000l\000i\000t\000y\000\040\000A\000s\000s\000u\000r\000a\000n\000c\000e}{subsection.8.8}% 138
\BOOKMARK [2][-]{subsection.8.9}{\376\377\000C\000i\000t\000a\000t\000i\000o\000n\000\040\000a\000n\000d\000\040\000A\000c\000a\000d\000e\000m\000i\000c\000\040\000U\000s\000e}{section.8}% 139
\BOOKMARK [1][-]{section.9}{\376\377\000C\000o\000n\000c\000l\000u\000s\000i\000o\000n}{}% 140
\BOOKMARK [2][-]{subsection.9.1}{\376\377\000P\000r\000i\000n\000c\000i\000p\000a\000l\000\040\000A\000c\000h\000i\000e\000v\000e\000m\000e\000n\000t\000s}{section.9}% 141
\BOOKMARK [3][-]{subsubsection.9.1.1}{\376\377\000M\000a\000t\000h\000e\000m\000a\000t\000i\000c\000a\000l\000\040\000F\000o\000u\000n\000d\000a\000t\000i\000o\000n}{subsection.9.1}% 142
\BOOKMARK [3][-]{subsubsection.9.1.2}{\376\377\000Q\000u\000a\000n\000t\000u\000m\000\040\000M\000e\000c\000h\000a\000n\000i\000c\000a\000l\000\040\000E\000q\000u\000i\000v\000a\000l\000e\000n\000c\000e}{subsection.9.1}% 143
\BOOKMARK [3][-]{subsubsection.9.1.3}{\376\377\000C\000o\000s\000m\000o\000l\000o\000g\000i\000c\000a\000l\000\040\000R\000e\000g\000u\000l\000a\000r\000i\000z\000a\000t\000i\000o\000n}{subsection.9.1}% 144
\BOOKMARK [3][-]{subsubsection.9.1.4}{\376\377\000Q\000u\000a\000n\000t\000u\000m\000\040\000F\000i\000e\000l\000d\000\040\000T\000h\000e\000o\000r\000y\000\040\000E\000x\000t\000e\000n\000s\000i\000o\000n\000s}{subsection.9.1}% 145
\BOOKMARK [2][-]{subsection.9.2}{\376\377\000T\000h\000e\000o\000r\000e\000t\000i\000c\000a\000l\000\040\000S\000i\000g\000n\000i\000f\000i\000c\000a\000n\000c\000e}{section.9}% 146
\BOOKMARK [2][-]{subsection.9.3}{\376\377\000P\000r\000a\000c\000t\000i\000c\000a\000l\000\040\000A\000p\000p\000l\000i\000c\000a\000t\000i\000o\000n\000s\000\040\000a\000n\000d\000\040\000C\000o\000m\000p\000u\000t\000a\000t\000i\000o\000n\000a\000l\000\040\000A\000d\000v\000a\000n\000t\000a\000g\000e\000s}{section.9}% 147
\BOOKMARK [3][-]{subsubsection.9.3.1}{\376\377\000N\000u\000m\000e\000r\000i\000c\000a\000l\000\040\000R\000e\000l\000a\000t\000i\000v\000i\000t\000y}{subsection.9.3}% 148
\BOOKMARK [3][-]{subsubsection.9.3.2}{\376\377\000Q\000u\000a\000n\000t\000u\000m\000\040\000F\000i\000e\000l\000d\000\040\000T\000h\000e\000o\000r\000y\000\040\000C\000a\000l\000c\000u\000l\000a\000t\000i\000o\000n\000s}{subsection.9.3}% 149
\BOOKMARK [3][-]{subsubsection.9.3.3}{\376\377\000C\000o\000s\000m\000o\000l\000o\000g\000i\000c\000a\000l\000\040\000P\000a\000r\000a\000m\000e\000t\000e\000r\000\040\000I\000n\000f\000e\000r\000e\000n\000c\000e}{subsection.9.3}% 150
\BOOKMARK [2][-]{subsection.9.4}{\376\377\000E\000x\000p\000e\000r\000i\000m\000e\000n\000t\000a\000l\000\040\000a\000n\000d\000\040\000O\000b\000s\000e\000r\000v\000a\000t\000i\000o\000n\000a\000l\000\040\000I\000m\000p\000l\000i\000c\000a\000t\000i\000o\000n\000s}{section.9}% 151
\BOOKMARK [3][-]{subsubsection.9.4.1}{\376\377\000O\000p\000e\000r\000a\000t\000i\000o\000n\000a\000l\000\040\000D\000i\000s\000t\000i\000n\000c\000t\000i\000o\000n\000s}{subsection.9.4}% 152
\BOOKMARK [3][-]{subsubsection.9.4.2}{\376\377\000C\000o\000s\000m\000o\000l\000o\000g\000i\000c\000a\000l\000\040\000S\000i\000g\000n\000a\000t\000u\000r\000e\000s}{subsection.9.4}% 153
\BOOKMARK [2][-]{subsection.9.5}{\376\377\000L\000i\000m\000i\000t\000a\000t\000i\000o\000n\000s\000\040\000a\000n\000d\000\040\000F\000u\000t\000u\000r\000e\000\040\000R\000e\000s\000e\000a\000r\000c\000h\000\040\000D\000i\000r\000e\000c\000t\000i\000o\000n\000s}{section.9}% 154
\BOOKMARK [3][-]{subsubsection.9.5.1}{\376\377\000F\000u\000n\000d\000a\000m\000e\000n\000t\000a\000l\000\040\000C\000o\000n\000c\000e\000p\000t\000u\000a\000l\000\040\000L\000i\000m\000i\000t\000a\000t\000i\000o\000n\000s}{subsection.9.5}% 155
\BOOKMARK [3][-]{subsubsection.9.5.2}{\376\377\000S\000c\000o\000p\000e\000\040\000a\000n\000d\000\040\000C\000l\000a\000s\000s\000i\000f\000i\000c\000a\000t\000i\000o\000n}{subsection.9.5}% 156
\BOOKMARK [3][-]{subsubsection.9.5.3}{\376\377\000I\000m\000m\000e\000d\000i\000a\000t\000e\000\040\000E\000x\000t\000e\000n\000s\000i\000o\000n\000s}{subsection.9.5}% 157
\BOOKMARK [3][-]{subsubsection.9.5.4}{\376\377\000A\000d\000v\000a\000n\000c\000e\000d\000\040\000T\000h\000e\000o\000r\000e\000t\000i\000c\000a\000l\000\040\000D\000e\000v\000e\000l\000o\000p\000m\000e\000n\000t}{subsection.9.5}% 158
\BOOKMARK [3][-]{subsubsection.9.5.5}{\376\377\000E\000x\000p\000e\000r\000i\000m\000e\000n\000t\000a\000l\000\040\000a\000n\000d\000\040\000O\000b\000s\000e\000r\000v\000a\000t\000i\000o\000n\000a\000l\000\040\000P\000r\000o\000g\000r\000a\000m\000s}{subsection.9.5}% 159
\BOOKMARK [2][-]{subsection.9.6}{\376\377\000B\000r\000o\000a\000d\000e\000r\000\040\000I\000m\000p\000a\000c\000t\000\040\000o\000n\000\040\000P\000h\000y\000s\000i\000c\000s}{section.9}% 160
\BOOKMARK [3][-]{subsubsection.9.6.1}{\376\377\000M\000e\000t\000h\000o\000d\000o\000l\000o\000g\000i\000c\000a\000l\000\040\000C\000o\000n\000t\000r\000i\000b\000u\000t\000i\000o\000n\000s}{subsection.9.6}% 161
\BOOKMARK [3][-]{subsubsection.9.6.2}{\376\377\000E\000d\000u\000c\000a\000t\000i\000o\000n\000a\000l\000\040\000V\000a\000l\000u\000e}{subsection.9.6}% 162
\BOOKMARK [3][-]{subsubsection.9.6.3}{\376\377\000I\000n\000t\000e\000r\000d\000i\000s\000c\000i\000p\000l\000i\000n\000a\000r\000y\000\040\000A\000p\000p\000l\000i\000c\000a\000t\000i\000o\000n\000s}{subsection.9.6}% 163
\BOOKMARK [2][-]{subsection.9.7}{\376\377\000A\000s\000s\000e\000s\000s\000m\000e\000n\000t\000\040\000o\000f\000\040\000F\000r\000a\000m\000e\000w\000o\000r\000k\000\040\000M\000a\000t\000u\000r\000i\000t\000y}{section.9}% 164
\BOOKMARK [2][-]{subsection.9.8}{\376\377\000F\000i\000n\000a\000l\000\040\000A\000s\000s\000e\000s\000s\000m\000e\000n\000t}{section.9}% 165
\BOOKMARK [1][-]{appendix.A}{\376\377\000M\000a\000t\000h\000e\000m\000a\000t\000i\000c\000a\000l\000\040\000P\000r\000o\000o\000f\000s\000\040\000a\000n\000d\000\040\000D\000e\000r\000i\000v\000a\000t\000i\000o\000n\000s}{}% 166
\BOOKMARK [2][-]{subsection.A.1}{\376\377\000P\000r\000o\000o\000f\000\040\000o\000f\000\040\000A\000s\000y\000m\000p\000t\000o\000t\000i\000c\000\040\000S\000i\000l\000e\000n\000c\000e\000\040\000f\000o\000r\000\040\000G\000e\000n\000e\000r\000a\000l\000\040\000H\000a\000m\000i\000l\000t\000o\000n\000i\000a\000n\000s}{appendix.A}% 167
\BOOKMARK [2][-]{subsection.A.2}{\376\377\000C\000o\000m\000p\000l\000e\000t\000e\000\040\000D\000e\000r\000i\000v\000a\000t\000i\000o\000n\000\040\000o\000f\000\040\000W\000e\000y\000l\000-\000T\000r\000a\000n\000s\000f\000o\000r\000m\000e\000d\000\040\000C\000u\000r\000v\000a\000t\000u\000r\000e}{appendix.A}% 168
\BOOKMARK [2][-]{subsection.A.3}{\376\377\000W\000r\000o\000n\000s\000k\000i\000a\000n\000\040\000C\000o\000n\000s\000e\000r\000v\000a\000t\000i\000o\000n\000\040\000P\000r\000o\000o\000f\000\040\000i\000n\000\040\000L\000o\000g\000-\000T\000i\000m\000e\000\040\000C\000o\000o\000r\000d\000i\000n\000a\000t\000e\000s}{appendix.A}% 169
\BOOKMARK [1][-]{appendix.B}{\376\377\000C\000o\000m\000p\000u\000t\000a\000t\000i\000o\000n\000a\000l\000\040\000I\000m\000p\000l\000e\000m\000e\000n\000t\000a\000t\000i\000o\000n\000\040\000D\000e\000t\000a\000i\000l\000s}{}% 170
\BOOKMARK [2][-]{subsection.B.1}{\376\377\000S\000o\000f\000t\000w\000a\000r\000e\000\040\000A\000r\000c\000h\000i\000t\000e\000c\000t\000u\000r\000e\000\040\000O\000v\000e\000r\000v\000i\000e\000w}{appendix.B}% 171
\BOOKMARK [2][-]{subsection.B.2}{\376\377\000N\000u\000m\000e\000r\000i\000c\000a\000l\000\040\000I\000n\000t\000e\000g\000r\000a\000t\000i\000o\000n\000\040\000M\000e\000t\000h\000o\000d\000s}{appendix.B}% 172
\BOOKMARK [3][-]{subsubsection.B.2.1}{\376\377\000A\000d\000a\000p\000t\000i\000v\000e\000\040\000R\000u\000n\000g\000e\000-\000K\000u\000t\000t\000a\000\040\000M\000e\000t\000h\000o\000d\000s}{subsection.B.2}% 173
\BOOKMARK [3][-]{subsubsection.B.2.2}{\376\377\000S\000y\000m\000p\000l\000e\000c\000t\000i\000c\000\040\000I\000n\000t\000e\000g\000r\000a\000t\000i\000o\000n\000\040\000f\000o\000r\000\040\000H\000a\000m\000i\000l\000t\000o\000n\000i\000a\000n\000\040\000S\000y\000s\000t\000e\000m\000s}{subsection.B.2}% 174
\BOOKMARK [3][-]{subsubsection.B.2.3}{\376\377\000S\000t\000i\000f\000f\000\040\000O\000D\000E\000\040\000M\000e\000t\000h\000o\000d\000s}{subsection.B.2}% 175
\BOOKMARK [2][-]{subsection.B.3}{\376\377\000S\000y\000m\000b\000o\000l\000i\000c\000\040\000C\000o\000m\000p\000u\000t\000a\000t\000i\000o\000n\000\040\000I\000m\000p\000l\000e\000m\000e\000n\000t\000a\000t\000i\000o\000n}{appendix.B}% 176
\BOOKMARK [3][-]{subsubsection.B.3.1}{\376\377\000C\000u\000r\000v\000a\000t\000u\000r\000e\000\040\000T\000e\000n\000s\000o\000r\000\040\000C\000a\000l\000c\000u\000l\000a\000t\000i\000o\000n}{subsection.B.3}% 177
\BOOKMARK [3][-]{subsubsection.B.3.2}{\376\377\000W\000e\000y\000l\000\040\000T\000r\000a\000n\000s\000f\000o\000r\000m\000a\000t\000i\000o\000n\000\040\000V\000e\000r\000i\000f\000i\000c\000a\000t\000i\000o\000n}{subsection.B.3}% 178
\BOOKMARK [2][-]{subsection.B.4}{\376\377\000H\000i\000g\000h\000-\000P\000r\000e\000c\000i\000s\000i\000o\000n\000\040\000A\000r\000i\000t\000h\000m\000e\000t\000i\000c}{appendix.B}% 179
\BOOKMARK [2][-]{subsection.B.5}{\376\377\000P\000a\000r\000a\000l\000l\000e\000l\000\040\000C\000o\000m\000p\000u\000t\000i\000n\000g\000\040\000I\000m\000p\000l\000e\000m\000e\000n\000t\000a\000t\000i\000o\000n}{appendix.B}% 180
\BOOKMARK [2][-]{subsection.B.6}{\376\377\000E\000r\000r\000o\000r\000\040\000A\000n\000a\000l\000y\000s\000i\000s\000\040\000a\000n\000d\000\040\000C\000o\000n\000v\000e\000r\000g\000e\000n\000c\000e\000\040\000T\000e\000s\000t\000i\000n\000g}{appendix.B}% 181
\BOOKMARK [3][-]{subsubsection.B.6.1}{\376\377\000R\000i\000c\000h\000a\000r\000d\000s\000o\000n\000\040\000E\000x\000t\000r\000a\000p\000o\000l\000a\000t\000i\000o\000n}{subsection.B.6}% 182
\BOOKMARK [3][-]{subsubsection.B.6.2}{\376\377\000A\000d\000a\000p\000t\000i\000v\000e\000\040\000E\000r\000r\000o\000r\000\040\000C\000o\000n\000t\000r\000o\000l}{subsection.B.6}% 183
\BOOKMARK [2][-]{subsection.B.7}{\376\377\000R\000e\000p\000r\000o\000d\000u\000c\000i\000b\000i\000l\000i\000t\000y\000\040\000P\000r\000o\000t\000o\000c\000o\000l\000s}{appendix.B}% 184
\BOOKMARK [3][-]{subsubsection.B.7.1}{\376\377\000D\000e\000t\000e\000r\000m\000i\000n\000i\000s\000t\000i\000c\000\040\000R\000a\000n\000d\000o\000m\000\040\000N\000u\000m\000b\000e\000r\000\040\000G\000e\000n\000e\000r\000a\000t\000i\000o\000n}{subsection.B.7}% 185
\BOOKMARK [3][-]{subsubsection.B.7.2}{\376\377\000E\000n\000v\000i\000r\000o\000n\000m\000e\000n\000t\000\040\000D\000o\000c\000u\000m\000e\000n\000t\000a\000t\000i\000o\000n}{subsection.B.7}% 186
\BOOKMARK [2][-]{subsection.B.8}{\376\377\000P\000e\000r\000f\000o\000r\000m\000a\000n\000c\000e\000\040\000O\000p\000t\000i\000m\000i\000z\000a\000t\000i\000o\000n}{appendix.B}% 187
\BOOKMARK [3][-]{subsubsection.B.8.1}{\376\377\000V\000e\000c\000t\000o\000r\000i\000z\000e\000d\000\040\000O\000p\000e\000r\000a\000t\000i\000o\000n\000s}{subsection.B.8}% 188
\BOOKMARK [3][-]{subsubsection.B.8.2}{\376\377\000M\000e\000m\000o\000r\000y\000-\000E\000f\000f\000i\000c\000i\000e\000n\000t\000\040\000A\000l\000g\000o\000r\000i\000t\000h\000m\000s}{subsection.B.8}% 189
\BOOKMARK [2][-]{subsection.B.9}{\376\377\000T\000e\000s\000t\000i\000n\000g\000\040\000a\000n\000d\000\040\000C\000o\000n\000t\000i\000n\000u\000o\000u\000s\000\040\000I\000n\000t\000e\000g\000r\000a\000t\000i\000o\000n}{appendix.B}% 190
